<?xml version="1.0" encoding="UTF-8"?>
<testsuite name="trabalhoFinal.CPFTest" tests="1" skipped="0" failures="0" errors="0" timestamp="2017-04-20T17:22:00" hostname="DSK-ilegra0227" time="0.0">
  <properties/>
  <testcase name="testGetCPF" classname="trabalhoFinal.CPFTest" time="0.0"/>
  <system-out><![CDATA[]]></system-out>
  <system-err><![CDATA[]]></system-err>
</testsuite>
