<?xml version="1.0" encoding="UTF-8"?>
<testsuite name="trabalhoFinal.CadastroClienteTest" tests="1" skipped="0" failures="0" errors="0" timestamp="2017-04-24T17:19:48" hostname="DSK-ilegra0227" time="0.0">
  <properties/>
  <testcase name="testCadastroRepetido" classname="trabalhoFinal.CadastroClienteTest" time="0.0"/>
  <system-out><![CDATA[]]></system-out>
  <system-err><![CDATA[]]></system-err>
</testsuite>
